2016-04-04 19:07:53 81.49.1.72 (pid 26099) :Pub:ERREUR: Erreur 1054 de mysql: Unknown column 'mots.id_trad' in 'where clause'
in /var/www/open-edition/ecrire/public/composer.php L1005 [sql_select(),calculer_select(),select(),__construct(),create(),BOUCLE_motsAuteurEnhtml_acfb689da8b7f0df9e71fabce85f186f(),BOUCLE_articlehtml_acfb689da8b7f0df9e71fabce85f186f(),html_acfb689da8b7f0df9e71fabce85f186f(),public_parametrer_dist(),public_produire_page_dist(),assembler(),include()]
SELECT mots.titre
FROM `spip_open-edition`.spip_mots AS `mots`  
INNER JOIN `spip_open-edition`.spip_mots_liens AS L1 ON ( L1.id_mot = mots.id_mot )
WHERE (L1.id_objet = 4)
	AND (L1.objet = 'article')
	AND (mots.id_groupe = 2)
	AND (((mots.id_trad = 0) AND (mots.id_mot = '')) OR ((mots.id_trad > 0) AND (mots.id_trad = 4)))
2016-04-04 19:09:27 81.49.1.72 (pid 26155) :Pub:ERREUR: Erreur 1054 de mysql: Unknown column 'mots.id_trad' in 'where clause'
in /var/www/open-edition/ecrire/public/composer.php L1005 [sql_select(),calculer_select(),select(),__construct(),create(),BOUCLE_motsAuteurEnhtml_acfb689da8b7f0df9e71fabce85f186f(),BOUCLE_articlehtml_acfb689da8b7f0df9e71fabce85f186f(),html_acfb689da8b7f0df9e71fabce85f186f(),public_parametrer_dist(),public_produire_page_dist(),assembler(),include()]
SELECT mots.titre
FROM `spip_open-edition`.spip_mots AS `mots`  
INNER JOIN `spip_open-edition`.spip_mots_liens AS L1 ON ( L1.id_mot = mots.id_mot )
WHERE (L1.id_objet = 4)
	AND (L1.objet = 'article')
	AND (mots.id_groupe = 2)
	AND (((mots.id_trad = 0) AND (mots.id_mot = '')) OR ((mots.id_trad > 0) AND (mots.id_trad = 4)))
2016-04-04 19:09:27 81.49.1.72 (pid 26078) :Pub:ERREUR: Erreur 1054 de mysql: Unknown column 'mots.id_trad' in 'where clause'
in /var/www/open-edition/ecrire/public/composer.php L1005 [sql_select(),calculer_select(),select(),__construct(),create(),BOUCLE_motsAuteurEnhtml_acfb689da8b7f0df9e71fabce85f186f(),BOUCLE_articlehtml_acfb689da8b7f0df9e71fabce85f186f(),html_acfb689da8b7f0df9e71fabce85f186f(),public_parametrer_dist(),public_produire_page_dist(),assembler(),include()]
SELECT mots.titre
FROM `spip_open-edition`.spip_mots AS `mots`  
INNER JOIN `spip_open-edition`.spip_mots_liens AS L1 ON ( L1.id_mot = mots.id_mot )
WHERE (L1.id_objet = 4)
	AND (L1.objet = 'article')
	AND (mots.id_groupe = 2)
	AND (((mots.id_trad = 0) AND (mots.id_mot = '')) OR ((mots.id_trad > 0) AND (mots.id_trad = 4)))
2016-04-04 19:12:06 81.49.1.72 (pid 26092) :Pub:ERREUR: Erreur 1054 de mysql: Unknown column 'mots.id_trad' in 'where clause'
in /var/www/open-edition/ecrire/public/composer.php L1005 [sql_select(),calculer_select(),select(),__construct(),create(),BOUCLE_motsAuteurEnhtml_acfb689da8b7f0df9e71fabce85f186f(),BOUCLE_articlehtml_acfb689da8b7f0df9e71fabce85f186f(),html_acfb689da8b7f0df9e71fabce85f186f(),public_parametrer_dist(),public_produire_page_dist(),assembler(),include()]
SELECT mots.titre
FROM `spip_open-edition`.spip_mots AS `mots`  
INNER JOIN `spip_open-edition`.spip_mots_liens AS L1 ON ( L1.id_mot = mots.id_mot )
WHERE (L1.id_objet = 4)
	AND (L1.objet = 'article')
	AND (mots.id_groupe = 2)
	AND (((mots.id_trad = 0) AND (mots.id_mot = '')) OR ((mots.id_trad > 0) AND (mots.id_trad = 4)))
2016-04-04 19:12:06 81.49.1.72 (pid 26099) :Pub:ERREUR: Erreur 1054 de mysql: Unknown column 'mots.id_trad' in 'where clause'
in /var/www/open-edition/ecrire/public/composer.php L1005 [sql_select(),calculer_select(),select(),__construct(),create(),BOUCLE_motsAuteurEnhtml_acfb689da8b7f0df9e71fabce85f186f(),BOUCLE_articlehtml_acfb689da8b7f0df9e71fabce85f186f(),html_acfb689da8b7f0df9e71fabce85f186f(),public_parametrer_dist(),public_produire_page_dist(),assembler(),include()]
SELECT mots.titre
FROM `spip_open-edition`.spip_mots AS `mots`  
INNER JOIN `spip_open-edition`.spip_mots_liens AS L1 ON ( L1.id_mot = mots.id_mot )
WHERE (L1.id_objet = 4)
	AND (L1.objet = 'article')
	AND (mots.id_groupe = 2)
	AND (((mots.id_trad = 0) AND (mots.id_mot = '')) OR ((mots.id_trad > 0) AND (mots.id_trad = 4)))
2016-04-04 19:14:47 81.49.1.72 (pid 26244) :Pub:ERREUR: Erreur 1054 de mysql: Unknown column 'mots.id_trad' in 'where clause'
in /var/www/open-edition/ecrire/public/composer.php L1005 [sql_select(),calculer_select(),select(),__construct(),create(),BOUCLE_motsAuteurEnhtml_acfb689da8b7f0df9e71fabce85f186f(),BOUCLE_articlehtml_acfb689da8b7f0df9e71fabce85f186f(),html_acfb689da8b7f0df9e71fabce85f186f(),public_parametrer_dist(),public_produire_page_dist(),assembler(),include()]
SELECT mots.titre
FROM `spip_open-edition`.spip_mots AS `mots`  
INNER JOIN `spip_open-edition`.spip_mots_liens AS L1 ON ( L1.id_mot = mots.id_mot )
WHERE (L1.id_objet = 4)
	AND (L1.objet = 'article')
	AND (mots.id_groupe = 2)
	AND (((mots.id_trad = 0) AND (mots.id_mot = '')) OR ((mots.id_trad > 0) AND (mots.id_trad = 4)))
2016-04-04 19:14:48 81.49.1.72 (pid 26180) :Pub:ERREUR: Erreur 1054 de mysql: Unknown column 'mots.id_trad' in 'where clause'
in /var/www/open-edition/ecrire/public/composer.php L1005 [sql_select(),calculer_select(),select(),__construct(),create(),BOUCLE_motsAuteurEnhtml_acfb689da8b7f0df9e71fabce85f186f(),BOUCLE_articlehtml_acfb689da8b7f0df9e71fabce85f186f(),html_acfb689da8b7f0df9e71fabce85f186f(),public_parametrer_dist(),public_produire_page_dist(),assembler(),include()]
SELECT mots.titre
FROM `spip_open-edition`.spip_mots AS `mots`  
INNER JOIN `spip_open-edition`.spip_mots_liens AS L1 ON ( L1.id_mot = mots.id_mot )
WHERE (L1.id_objet = 4)
	AND (L1.objet = 'article')
	AND (mots.id_groupe = 2)
	AND (((mots.id_trad = 0) AND (mots.id_mot = '')) OR ((mots.id_trad > 0) AND (mots.id_trad = 4)))
2016-04-11 17:31:19 86.192.60.104 (pid 27645) :Pub:ERREUR: Erreur 1064 de mysql: You have an error in your SQL syntax; check the manual that corresponds to your MySQL server version for the right syntax to use near '-1,1' at line 6
in /var/www/open-edition/ecrire/public/composer.php L1005 [sql_select(),calculer_select(),select(),__construct(),create(),BOUCLE_art_prechtml_acfb689da8b7f0df9e71fabce85f186f(),BOUCLE_articlehtml_acfb689da8b7f0df9e71fabce85f186f(),html_acfb689da8b7f0df9e71fabce85f186f(),public_parametrer_dist(),public_produire_page_dist(),assembler(),include()]
SELECT articles.titre, articles.id_article, articles.lang
FROM `spip_open-edition`.spip_articles AS `articles`
WHERE (articles.statut = 'publie')
	AND (articles.id_rubrique = 5)
ORDER BY articles.titre
LIMIT -1,1
2016-04-11 17:31:19 86.192.60.104 (pid 27645) :Pub:ERREUR: Erreur 1064 de mysql: You have an error in your SQL syntax; check the manual that corresponds to your MySQL server version for the right syntax to use near '-1,1' at line 6
in /var/www/open-edition/ecrire/public/composer.php L1005 [sql_select(),calculer_select(),select(),__construct(),create(),BOUCLE_art_prechtml_acfb689da8b7f0df9e71fabce85f186f(),BOUCLE_articlehtml_acfb689da8b7f0df9e71fabce85f186f(),html_acfb689da8b7f0df9e71fabce85f186f(),public_parametrer_dist(),public_produire_page_dist(),assembler(),include()]
SELECT articles.titre, articles.id_article, articles.lang
FROM `spip_open-edition`.spip_articles AS `articles`
WHERE (articles.statut = 'publie')
	AND (articles.id_rubrique = 5)
ORDER BY articles.titre
LIMIT -1,1
2016-04-11 17:31:26 86.192.60.104 (pid 27645) :Pub:ERREUR: Erreur 1064 de mysql: You have an error in your SQL syntax; check the manual that corresponds to your MySQL server version for the right syntax to use near '-1,1' at line 6
in /var/www/open-edition/ecrire/public/composer.php L1005 [sql_select(),calculer_select(),select(),__construct(),create(),BOUCLE_art_prechtml_acfb689da8b7f0df9e71fabce85f186f(),BOUCLE_articlehtml_acfb689da8b7f0df9e71fabce85f186f(),html_acfb689da8b7f0df9e71fabce85f186f(),public_parametrer_dist(),public_produire_page_dist(),assembler(),include()]
SELECT articles.titre, articles.id_article, articles.lang
FROM `spip_open-edition`.spip_articles AS `articles`
WHERE (articles.statut = 'publie')
	AND (articles.id_rubrique = 5)
ORDER BY articles.titre
LIMIT -1,1
2016-04-11 17:31:35 86.192.60.104 (pid 27649) :Pub:ERREUR: Erreur 1064 de mysql: You have an error in your SQL syntax; check the manual that corresponds to your MySQL server version for the right syntax to use near '-1,1' at line 6
in /var/www/open-edition/ecrire/public/composer.php L1005 [sql_select(),calculer_select(),select(),__construct(),create(),BOUCLE_art_prechtml_acfb689da8b7f0df9e71fabce85f186f(),BOUCLE_articlehtml_acfb689da8b7f0df9e71fabce85f186f(),html_acfb689da8b7f0df9e71fabce85f186f(),public_parametrer_dist(),public_produire_page_dist(),assembler(),include()]
SELECT articles.titre, articles.id_article, articles.lang
FROM `spip_open-edition`.spip_articles AS `articles`
WHERE (articles.statut = 'publie')
	AND (articles.id_rubrique = 5)
ORDER BY articles.titre
LIMIT -1,1
2016-04-11 17:31:36 86.192.60.104 (pid 27649) :Pub:ERREUR: Erreur 1064 de mysql: You have an error in your SQL syntax; check the manual that corresponds to your MySQL server version for the right syntax to use near '-1,1' at line 6
in /var/www/open-edition/ecrire/public/composer.php L1005 [sql_select(),calculer_select(),select(),__construct(),create(),BOUCLE_art_prechtml_acfb689da8b7f0df9e71fabce85f186f(),BOUCLE_articlehtml_acfb689da8b7f0df9e71fabce85f186f(),html_acfb689da8b7f0df9e71fabce85f186f(),public_parametrer_dist(),public_produire_page_dist(),assembler(),include()]
SELECT articles.titre, articles.id_article, articles.lang
FROM `spip_open-edition`.spip_articles AS `articles`
WHERE (articles.statut = 'publie')
	AND (articles.id_rubrique = 5)
ORDER BY articles.titre
LIMIT -1,1
2016-04-11 17:31:37 86.192.60.104 (pid 27649) :Pub:ERREUR: Erreur 1064 de mysql: You have an error in your SQL syntax; check the manual that corresponds to your MySQL server version for the right syntax to use near '-1,1' at line 6
in /var/www/open-edition/ecrire/public/composer.php L1005 [sql_select(),calculer_select(),select(),__construct(),create(),BOUCLE_art_prechtml_acfb689da8b7f0df9e71fabce85f186f(),BOUCLE_articlehtml_acfb689da8b7f0df9e71fabce85f186f(),html_acfb689da8b7f0df9e71fabce85f186f(),public_parametrer_dist(),public_produire_page_dist(),assembler(),include()]
SELECT articles.titre, articles.id_article, articles.lang
FROM `spip_open-edition`.spip_articles AS `articles`
WHERE (articles.statut = 'publie')
	AND (articles.id_rubrique = 5)
ORDER BY articles.titre
LIMIT -1,1
2016-04-11 17:31:38 86.192.60.104 (pid 27218) :Pub:ERREUR: Erreur 1064 de mysql: You have an error in your SQL syntax; check the manual that corresponds to your MySQL server version for the right syntax to use near '-1,1' at line 6
in /var/www/open-edition/ecrire/public/composer.php L1005 [sql_select(),calculer_select(),select(),__construct(),create(),BOUCLE_art_prechtml_acfb689da8b7f0df9e71fabce85f186f(),BOUCLE_articlehtml_acfb689da8b7f0df9e71fabce85f186f(),html_acfb689da8b7f0df9e71fabce85f186f(),public_parametrer_dist(),public_produire_page_dist(),assembler(),include()]
SELECT articles.titre, articles.id_article, articles.lang
FROM `spip_open-edition`.spip_articles AS `articles`
WHERE (articles.statut = 'publie')
	AND (articles.id_rubrique = 5)
ORDER BY articles.titre
LIMIT -1,1
2016-04-11 17:31:51 86.192.60.104 (pid 27653) :Pub:ERREUR: Erreur 1064 de mysql: You have an error in your SQL syntax; check the manual that corresponds to your MySQL server version for the right syntax to use near '-1,1' at line 6
in /var/www/open-edition/ecrire/public/composer.php L1005 [sql_select(),calculer_select(),select(),__construct(),create(),BOUCLE_art_prechtml_acfb689da8b7f0df9e71fabce85f186f(),BOUCLE_articlehtml_acfb689da8b7f0df9e71fabce85f186f(),html_acfb689da8b7f0df9e71fabce85f186f(),public_parametrer_dist(),public_produire_page_dist(),assembler(),include()]
SELECT articles.titre, articles.id_article, articles.lang
FROM `spip_open-edition`.spip_articles AS `articles`
WHERE (articles.statut = 'publie')
	AND (articles.id_rubrique = 5)
ORDER BY articles.titre
LIMIT -1,1
2016-04-11 17:31:57 86.192.60.104 (pid 27645) :Pub:ERREUR: Erreur 1064 de mysql: You have an error in your SQL syntax; check the manual that corresponds to your MySQL server version for the right syntax to use near '-1,1' at line 6
in /var/www/open-edition/ecrire/public/composer.php L1005 [sql_select(),calculer_select(),select(),__construct(),create(),BOUCLE_art_prechtml_acfb689da8b7f0df9e71fabce85f186f(),BOUCLE_articlehtml_acfb689da8b7f0df9e71fabce85f186f(),html_acfb689da8b7f0df9e71fabce85f186f(),public_parametrer_dist(),public_produire_page_dist(),assembler(),include()]
SELECT articles.titre, articles.id_article, articles.lang
FROM `spip_open-edition`.spip_articles AS `articles`
WHERE (articles.statut = 'publie')
	AND (articles.id_rubrique = 5)
ORDER BY articles.titre
LIMIT -1,1
2016-04-11 17:31:58 86.192.60.104 (pid 26876) :Pub:ERREUR: Erreur 1064 de mysql: You have an error in your SQL syntax; check the manual that corresponds to your MySQL server version for the right syntax to use near '-1,1' at line 6
in /var/www/open-edition/ecrire/public/composer.php L1005 [sql_select(),calculer_select(),select(),__construct(),create(),BOUCLE_art_prechtml_acfb689da8b7f0df9e71fabce85f186f(),BOUCLE_articlehtml_acfb689da8b7f0df9e71fabce85f186f(),html_acfb689da8b7f0df9e71fabce85f186f(),public_parametrer_dist(),public_produire_page_dist(),assembler(),include()]
SELECT articles.titre, articles.id_article, articles.lang
FROM `spip_open-edition`.spip_articles AS `articles`
WHERE (articles.statut = 'publie')
	AND (articles.id_rubrique = 5)
ORDER BY articles.titre
LIMIT -1,1
2016-04-11 17:33:13 86.192.60.104 (pid 27218) :Pub:ERREUR: Erreur 1064 de mysql: You have an error in your SQL syntax; check the manual that corresponds to your MySQL server version for the right syntax to use near '-1,1' at line 6
in /var/www/open-edition/ecrire/public/composer.php L1005 [sql_select(),calculer_select(),select(),__construct(),create(),BOUCLE_art_prechtml_acfb689da8b7f0df9e71fabce85f186f(),BOUCLE_articlehtml_acfb689da8b7f0df9e71fabce85f186f(),html_acfb689da8b7f0df9e71fabce85f186f(),public_parametrer_dist(),public_produire_page_dist(),assembler(),include()]
SELECT articles.titre, articles.id_article, articles.lang
FROM `spip_open-edition`.spip_articles AS `articles`
WHERE (articles.statut = 'publie')
	AND (articles.id_rubrique = 5)
ORDER BY articles.titre
LIMIT -1,1
2016-04-11 17:33:13 86.192.60.104 (pid 27218) :Pub:ERREUR: Erreur 1064 de mysql: You have an error in your SQL syntax; check the manual that corresponds to your MySQL server version for the right syntax to use near '-1,1' at line 6
in /var/www/open-edition/ecrire/public/composer.php L1005 [sql_select(),calculer_select(),select(),__construct(),create(),BOUCLE_art_prechtml_acfb689da8b7f0df9e71fabce85f186f(),BOUCLE_articlehtml_acfb689da8b7f0df9e71fabce85f186f(),html_acfb689da8b7f0df9e71fabce85f186f(),public_parametrer_dist(),public_produire_page_dist(),assembler(),include()]
SELECT articles.titre, articles.id_article, articles.lang
FROM `spip_open-edition`.spip_articles AS `articles`
WHERE (articles.statut = 'publie')
	AND (articles.id_rubrique = 5)
ORDER BY articles.titre
LIMIT -1,1
2016-04-11 17:41:47 86.192.60.104 (pid 28363) :Pub:ERREUR: Erreur 1064 de mysql: You have an error in your SQL syntax; check the manual that corresponds to your MySQL server version for the right syntax to use near '-1,1' at line 6
in /var/www/open-edition/ecrire/public/composer.php L1005 [sql_select(),calculer_select(),select(),__construct(),create(),BOUCLE_art_prechtml_acfb689da8b7f0df9e71fabce85f186f(),BOUCLE_articlehtml_acfb689da8b7f0df9e71fabce85f186f(),html_acfb689da8b7f0df9e71fabce85f186f(),public_parametrer_dist(),public_produire_page_dist(),assembler(),include()]
SELECT articles.titre, articles.id_article, articles.lang
FROM `spip_open-edition`.spip_articles AS `articles`
WHERE (articles.statut = 'publie')
	AND (articles.id_rubrique = 5)
ORDER BY articles.titre
LIMIT -1,1
2016-04-11 17:41:47 86.192.60.104 (pid 28363) :Pub:ERREUR: Erreur 1064 de mysql: You have an error in your SQL syntax; check the manual that corresponds to your MySQL server version for the right syntax to use near '-1,1' at line 6
in /var/www/open-edition/ecrire/public/composer.php L1005 [sql_select(),calculer_select(),select(),__construct(),create(),BOUCLE_art_prechtml_acfb689da8b7f0df9e71fabce85f186f(),BOUCLE_articlehtml_acfb689da8b7f0df9e71fabce85f186f(),html_acfb689da8b7f0df9e71fabce85f186f(),public_parametrer_dist(),public_produire_page_dist(),assembler(),include()]
SELECT articles.titre, articles.id_article, articles.lang
FROM `spip_open-edition`.spip_articles AS `articles`
WHERE (articles.statut = 'publie')
	AND (articles.id_rubrique = 5)
ORDER BY articles.titre
LIMIT -1,1
2016-04-25 12:31:49 90.58.105.119 (pid 25274) :Pub:ERREUR: Erreur 1064 de mysql: You have an error in your SQL syntax; check the manual that corresponds to your MySQL server version for the right syntax to use near 'DESC' at line 5
in /var/www/open-edition/ecrire/public/composer.php L1005 [sql_select(),calculer_select(),select(),__construct(),create(),BOUCLE_affiche_soeurhtml_acfb689da8b7f0df9e71fabce85f186f(),BOUCLE_select_rubhtml_acfb689da8b7f0df9e71fabce85f186f(),BOUCLE_articlehtml_acfb689da8b7f0df9e71fabce85f186f(),html_acfb689da8b7f0df9e71fabce85f186f(),public_parametrer_dist(),public_produire_page_dist(),assembler(),include()]
SELECT rubriques.id_rubrique, rubriques.titre, rubriques.lang
FROM `spip_open-edition`.spip_rubriques AS `rubriques`
WHERE (rubriques.statut = 'publie')
	AND (rubriques.id_parent = 4)
ORDER BY DESC
2016-04-25 12:31:50 90.58.105.119 (pid 24898) :Pub:ERREUR: Erreur 1064 de mysql: You have an error in your SQL syntax; check the manual that corresponds to your MySQL server version for the right syntax to use near 'DESC' at line 5
in /var/www/open-edition/ecrire/public/composer.php L1005 [sql_select(),calculer_select(),select(),__construct(),create(),BOUCLE_affiche_soeurhtml_acfb689da8b7f0df9e71fabce85f186f(),BOUCLE_select_rubhtml_acfb689da8b7f0df9e71fabce85f186f(),BOUCLE_articlehtml_acfb689da8b7f0df9e71fabce85f186f(),html_acfb689da8b7f0df9e71fabce85f186f(),public_parametrer_dist(),public_produire_page_dist(),assembler(),include()]
SELECT rubriques.id_rubrique, rubriques.titre, rubriques.lang
FROM `spip_open-edition`.spip_rubriques AS `rubriques`
WHERE (rubriques.statut = 'publie')
	AND (rubriques.id_parent = 4)
ORDER BY DESC
2016-04-25 12:32:24 90.58.105.119 (pid 25333) :Pub:ERREUR: Erreur 1064 de mysql: You have an error in your SQL syntax; check the manual that corresponds to your MySQL server version for the right syntax to use near 'DESC' at line 5
in /var/www/open-edition/ecrire/public/composer.php L1005 [sql_select(),calculer_select(),select(),__construct(),create(),BOUCLE_select_rubhtml_acfb689da8b7f0df9e71fabce85f186f(),BOUCLE_articlehtml_acfb689da8b7f0df9e71fabce85f186f(),html_acfb689da8b7f0df9e71fabce85f186f(),public_parametrer_dist(),public_produire_page_dist(),assembler(),include()]
SELECT rubriques.id_parent, rubriques.lang, rubriques.titre
FROM `spip_open-edition`.spip_rubriques AS `rubriques`
WHERE (rubriques.statut = 'publie')
	AND (rubriques.id_rubrique = 5)
ORDER BY DESC
2016-04-25 12:32:25 90.58.105.119 (pid 25274) :Pub:ERREUR: Erreur 1064 de mysql: You have an error in your SQL syntax; check the manual that corresponds to your MySQL server version for the right syntax to use near 'DESC' at line 5
in /var/www/open-edition/ecrire/public/composer.php L1005 [sql_select(),calculer_select(),select(),__construct(),create(),BOUCLE_select_rubhtml_acfb689da8b7f0df9e71fabce85f186f(),BOUCLE_articlehtml_acfb689da8b7f0df9e71fabce85f186f(),html_acfb689da8b7f0df9e71fabce85f186f(),public_parametrer_dist(),public_produire_page_dist(),assembler(),include()]
SELECT rubriques.id_parent, rubriques.lang, rubriques.titre
FROM `spip_open-edition`.spip_rubriques AS `rubriques`
WHERE (rubriques.statut = 'publie')
	AND (rubriques.id_rubrique = 5)
ORDER BY DESC
2016-04-25 12:32:27 90.58.105.119 (pid 25333) :Pub:ERREUR: Erreur 1064 de mysql: You have an error in your SQL syntax; check the manual that corresponds to your MySQL server version for the right syntax to use near 'DESC' at line 5
in /var/www/open-edition/ecrire/public/composer.php L1005 [sql_select(),calculer_select(),select(),__construct(),create(),BOUCLE_select_rubhtml_acfb689da8b7f0df9e71fabce85f186f(),BOUCLE_articlehtml_acfb689da8b7f0df9e71fabce85f186f(),html_acfb689da8b7f0df9e71fabce85f186f(),public_parametrer_dist(),public_produire_page_dist(),assembler(),include()]
SELECT rubriques.id_parent, rubriques.lang, rubriques.titre
FROM `spip_open-edition`.spip_rubriques AS `rubriques`
WHERE (rubriques.statut = 'publie')
	AND (rubriques.id_rubrique = 5)
ORDER BY DESC
2016-04-25 12:32:27 90.58.105.119 (pid 25274) :Pub:ERREUR: Erreur 1064 de mysql: You have an error in your SQL syntax; check the manual that corresponds to your MySQL server version for the right syntax to use near 'DESC' at line 5
in /var/www/open-edition/ecrire/public/composer.php L1005 [sql_select(),calculer_select(),select(),__construct(),create(),BOUCLE_select_rubhtml_acfb689da8b7f0df9e71fabce85f186f(),BOUCLE_articlehtml_acfb689da8b7f0df9e71fabce85f186f(),html_acfb689da8b7f0df9e71fabce85f186f(),public_parametrer_dist(),public_produire_page_dist(),assembler(),include()]
SELECT rubriques.id_parent, rubriques.lang, rubriques.titre
FROM `spip_open-edition`.spip_rubriques AS `rubriques`
WHERE (rubriques.statut = 'publie')
	AND (rubriques.id_rubrique = 5)
ORDER BY DESC
2016-04-25 12:33:25 90.58.105.119 (pid 25336) :Pub:ERREUR: Erreur 1064 de mysql: You have an error in your SQL syntax; check the manual that corresponds to your MySQL server version for the right syntax to use near 'DESC' at line 5
in /var/www/open-edition/ecrire/public/composer.php L1005 [sql_select(),calculer_select(),select(),__construct(),create(),BOUCLE_affiche_soeurhtml_acfb689da8b7f0df9e71fabce85f186f(),BOUCLE_select_rubhtml_acfb689da8b7f0df9e71fabce85f186f(),BOUCLE_articlehtml_acfb689da8b7f0df9e71fabce85f186f(),html_acfb689da8b7f0df9e71fabce85f186f(),public_parametrer_dist(),public_produire_page_dist(),assembler(),include()]
SELECT rubriques.id_rubrique, rubriques.titre, rubriques.lang
FROM `spip_open-edition`.spip_rubriques AS `rubriques`
WHERE (rubriques.statut = 'publie')
	AND (rubriques.id_parent = 4)
ORDER BY DESC
2016-04-25 12:33:26 90.58.105.119 (pid 25271) :Pub:ERREUR: Erreur 1064 de mysql: You have an error in your SQL syntax; check the manual that corresponds to your MySQL server version for the right syntax to use near 'DESC' at line 5
in /var/www/open-edition/ecrire/public/composer.php L1005 [sql_select(),calculer_select(),select(),__construct(),create(),BOUCLE_affiche_soeurhtml_acfb689da8b7f0df9e71fabce85f186f(),BOUCLE_select_rubhtml_acfb689da8b7f0df9e71fabce85f186f(),BOUCLE_articlehtml_acfb689da8b7f0df9e71fabce85f186f(),html_acfb689da8b7f0df9e71fabce85f186f(),public_parametrer_dist(),public_produire_page_dist(),assembler(),include()]
SELECT rubriques.id_rubrique, rubriques.titre, rubriques.lang
FROM `spip_open-edition`.spip_rubriques AS `rubriques`
WHERE (rubriques.statut = 'publie')
	AND (rubriques.id_parent = 4)
ORDER BY DESC
2016-04-29 11:15:21 78.114.97.67 (pid 22554) :Pri:ERREUR: Erreur 1068 de mysql: Multiple primary key defined
in /var/www/open-edition/ecrire/base/upgrade.php L458 [call_user_func_array(),serie_alter(),maj_while(),maj_plugin(),roles_auteurs_upgrade(),spip_plugin_install(),plugins_installer_dist(),installer_plugin(),do_install(),do_action(),one_action(),action_actionner_dist(),traiter_appels_actions()]
ALTER TABLE `spip_open-edition`.spip_auteurs_liens ADD PRIMARY KEY (id_auteur,id_objet,objet,role)
2016-05-03 14:32:55 193.54.172.101 (pid 5226) :Pub:ERREUR: Erreur 1054 de mysql: Unknown column 'rubriques.champ_libre' in 'field list'
in /var/www/open-edition/ecrire/public/composer.php L1005 [sql_select(),calculer_select(),select(),__construct(),create(),BOUCLE_principalhtml_2814b217172017a6b019802168182cb2(),html_2814b217172017a6b019802168182cb2(),public_parametrer_dist(),public_produire_page_dist(),assembler(),include()]
SELECT rubriques.img_1, rubriques.id_trad, rubriques.id_rubrique, rubriques.lang, rubriques.img_2, rubriques.titre, rubriques.descriptif, rubriques.dom_p, rubriques.acronyme, rubriques.issn, rubriques.texte, rubriques.champ_libre
FROM `spip_open-edition`.spip_rubriques AS `rubriques`
WHERE (rubriques.statut = 'publie')
	AND (rubriques.id_rubrique = 4)
	AND (rubriques.type_rubrique = 'revue')
2016-05-03 14:48:30 193.54.172.101 (pid 5425) :Pub:ERREUR: Erreur 1054 de mysql: Unknown column 'rubriques.champ_libre' in 'field list'
in /var/www/open-edition/ecrire/public/composer.php L1005 [sql_select(),calculer_select(),select(),__construct(),create(),BOUCLE_principalhtml_2814b217172017a6b019802168182cb2(),html_2814b217172017a6b019802168182cb2(),public_parametrer_dist(),public_produire_page_dist(),assembler(),include()]
SELECT rubriques.img_1, rubriques.id_trad, rubriques.id_rubrique, rubriques.lang, rubriques.img_2, rubriques.titre, rubriques.descriptif, rubriques.dom_p, rubriques.acronyme, rubriques.issn, rubriques.texte, rubriques.champ_libre
FROM `spip_open-edition`.spip_rubriques AS `rubriques`
WHERE (rubriques.statut = 'publie')
	AND (rubriques.id_rubrique = 4)
	AND (rubriques.type_rubrique = 'revue')
2016-05-03 14:52:34 86.16.0.217 (pid 5425) :Pub:ERREUR: Erreur 1054 de mysql: Unknown column 'rubriques.champ_libre' in 'field list'
in /var/www/open-edition/ecrire/public/composer.php L1005 [sql_select(),calculer_select(),select(),__construct(),create(),BOUCLE_principalhtml_2814b217172017a6b019802168182cb2(),html_2814b217172017a6b019802168182cb2(),public_parametrer_dist(),public_produire_page_dist(),assembler(),include()]
SELECT rubriques.img_1, rubriques.id_trad, rubriques.id_rubrique, rubriques.lang, rubriques.img_2, rubriques.titre, rubriques.descriptif, rubriques.dom_p, rubriques.acronyme, rubriques.issn, rubriques.texte, rubriques.champ_libre
FROM `spip_open-edition`.spip_rubriques AS `rubriques`
WHERE (rubriques.statut = 'publie')
	AND (rubriques.id_rubrique = 18)
	AND (rubriques.type_rubrique = 'revue')
